生成启动时间为 2013/8/6 15:01:31。
     1>项目“C:\Users\Jaosn\Documents\GitHub\XLMS\XLMS\XLMS.vcxproj”在节点 2 上(Build 个目标)。
     1>ClCompile:
         C:\Program Files (x86)\Microsoft Visual Studio 11.0\VC\bin\CL.exe /c /ZI /nologo /W3 /WX- /Od /Oy- /D WIN32 /D _DEBUG /D _CONSOLE /D _UNICODE /D UNICODE /Gm /EHsc /RTC1 /MDd /GS /fp:precise /Zc:wchar_t /Zc:forScope /Fo"Debug\\" /Fd"Debug\vc110.pdb" /Gd /TP /analyze- /errorReport:prompt ..\hwBno1.cpp
         hwBno1.cpp
     1>c:\users\jaosn\documents\github\xlms\employee.h(313): warning C4996: 'strcpy': This function or variable may be unsafe. Consider using strcpy_s instead. To disable deprecation, use _CRT_SECURE_NO_WARNINGS. See online help for details.
                 c:\program files (x86)\microsoft visual studio 11.0\vc\include\string.h(110) : 参见“strcpy”的声明
     1>c:\users\jaosn\documents\github\xlms\employee.h(321): warning C4996: 'strcpy': This function or variable may be unsafe. Consider using strcpy_s instead. To disable deprecation, use _CRT_SECURE_NO_WARNINGS. See online help for details.
                 c:\program files (x86)\microsoft visual studio 11.0\vc\include\string.h(110) : 参见“strcpy”的声明
     1>c:\users\jaosn\documents\github\xlms\employee.h(324): warning C4244: “=”: 从“float”转换到“int”，可能丢失数据
     1>c:\users\jaosn\documents\github\xlms\employee.h(330): warning C4996: 'strcpy': This function or variable may be unsafe. Consider using strcpy_s instead. To disable deprecation, use _CRT_SECURE_NO_WARNINGS. See online help for details.
                 c:\program files (x86)\microsoft visual studio 11.0\vc\include\string.h(110) : 参见“strcpy”的声明
     1>c:\users\jaosn\documents\github\xlms\employee.h(333): warning C4244: “=”: 从“float”转换到“int”，可能丢失数据
     1>c:\users\jaosn\documents\github\xlms\employee.h(339): warning C4996: 'strcpy': This function or variable may be unsafe. Consider using strcpy_s instead. To disable deprecation, use _CRT_SECURE_NO_WARNINGS. See online help for details.
                 c:\program files (x86)\microsoft visual studio 11.0\vc\include\string.h(110) : 参见“strcpy”的声明
     1>c:\users\jaosn\documents\github\xlms\employee.h(342): warning C4244: “=”: 从“float”转换到“int”，可能丢失数据
     1>c:\users\jaosn\documents\github\xlms\employee.h(375): warning C4244: “=”: 从“double”转换到“float”，可能丢失数据
     1>c:\users\jaosn\documents\github\xlms\employee.h(380): warning C4996: 'strcpy': This function or variable may be unsafe. Consider using strcpy_s instead. To disable deprecation, use _CRT_SECURE_NO_WARNINGS. See online help for details.
                 c:\program files (x86)\microsoft visual studio 11.0\vc\include\string.h(110) : 参见“strcpy”的声明
     1>c:\users\jaosn\documents\github\xlms\employee.h(387): warning C4244: “=”: 从“double”转换到“float”，可能丢失数据
     1>c:\users\jaosn\documents\github\xlms\employee.h(391): warning C4244: “=”: 从“int”转换到“float”，可能丢失数据
     1>c:\users\jaosn\documents\github\xlms\employee.h(392): warning C4996: 'strcpy': This function or variable may be unsafe. Consider using strcpy_s instead. To disable deprecation, use _CRT_SECURE_NO_WARNINGS. See online help for details.
                 c:\program files (x86)\microsoft visual studio 11.0\vc\include\string.h(110) : 参见“strcpy”的声明
     1>c:\users\jaosn\documents\github\xlms\employee.h(399): warning C4244: “=”: 从“double”转换到“float”，可能丢失数据
     1>c:\users\jaosn\documents\github\xlms\employee.h(402): warning C4244: “=”: 从“int”转换到“float”，可能丢失数据
     1>c:\users\jaosn\documents\github\xlms\employee.h(404): warning C4996: 'strcpy': This function or variable may be unsafe. Consider using strcpy_s instead. To disable deprecation, use _CRT_SECURE_NO_WARNINGS. See online help for details.
                 c:\program files (x86)\microsoft visual studio 11.0\vc\include\string.h(110) : 参见“strcpy”的声明
     1>c:\users\jaosn\documents\github\xlms\employee.h(411): warning C4244: “=”: 从“double”转换到“float”，可能丢失数据
     1>c:\users\jaosn\documents\github\xlms\employee.h(414): warning C4244: “=”: 从“int”转换到“float”，可能丢失数据
     1>c:\users\jaosn\documents\github\xlms\employee.h(416): warning C4996: 'strcpy': This function or variable may be unsafe. Consider using strcpy_s instead. To disable deprecation, use _CRT_SECURE_NO_WARNINGS. See online help for details.
                 c:\program files (x86)\microsoft visual studio 11.0\vc\include\string.h(110) : 参见“strcpy”的声明
     1>c:\users\jaosn\documents\github\xlms\employee.h(426): warning C4996: 'strcpy': This function or variable may be unsafe. Consider using strcpy_s instead. To disable deprecation, use _CRT_SECURE_NO_WARNINGS. See online help for details.
                 c:\program files (x86)\microsoft visual studio 11.0\vc\include\string.h(110) : 参见“strcpy”的声明
     1>c:\users\jaosn\documents\github\xlms\employee.h(437): warning C4996: 'strcpy': This function or variable may be unsafe. Consider using strcpy_s instead. To disable deprecation, use _CRT_SECURE_NO_WARNINGS. See online help for details.
                 c:\program files (x86)\microsoft visual studio 11.0\vc\include\string.h(110) : 参见“strcpy”的声明
     1>c:\users\jaosn\documents\github\xlms\employee.h(453): warning C4996: 'strcpy': This function or variable may be unsafe. Consider using strcpy_s instead. To disable deprecation, use _CRT_SECURE_NO_WARNINGS. See online help for details.
                 c:\program files (x86)\microsoft visual studio 11.0\vc\include\string.h(110) : 参见“strcpy”的声明
     1>c:\users\jaosn\documents\github\xlms\employee.h(469): warning C4996: 'strcpy': This function or variable may be unsafe. Consider using strcpy_s instead. To disable deprecation, use _CRT_SECURE_NO_WARNINGS. See online help for details.
                 c:\program files (x86)\microsoft visual studio 11.0\vc\include\string.h(110) : 参见“strcpy”的声明
     1>c:\users\jaosn\documents\github\xlms\hwbno1.cpp(6): warning C4244: “=”: 从“time_t”转换到“int”，可能丢失数据
     1>c:\users\jaosn\documents\github\xlms\hwbno1.cpp(8): warning C4244: “=”: 从“std::streamoff”转换到“int”，可能丢失数据
     1>c:\users\jaosn\documents\github\xlms\hwbno1.cpp(49): warning C4244: “=”: 从“const double”转换到“float”，可能丢失数据
     1>c:\users\jaosn\documents\github\xlms\hwbno1.cpp(58): warning C4244: “=”: 从“const double”转换到“float”，可能丢失数据
     1>c:\users\jaosn\documents\github\xlms\hwbno1.cpp(93): warning C4700: 使用了未初始化的局部变量“wrong_int”
       Link:
         C:\Program Files (x86)\Microsoft Visual Studio 11.0\VC\bin\link.exe /ERRORREPORT:PROMPT /OUT:"C:\Users\Jaosn\Documents\GitHub\XLMS\XLMS\Debug\XLMS.exe" /INCREMENTAL /NOLOGO kernel32.lib user32.lib gdi32.lib winspool.lib comdlg32.lib advapi32.lib shell32.lib ole32.lib oleaut32.lib uuid.lib odbc32.lib odbccp32.lib /MANIFEST /MANIFESTUAC:"level='asInvoker' uiAccess='false'" /manifest:embed /DEBUG /PDB:"C:\Users\Jaosn\Documents\GitHub\XLMS\XLMS\Debug\XLMS.pdb" /SUBSYSTEM:CONSOLE /TLBID:1 /DYNAMICBASE /NXCOMPAT /IMPLIB:"C:\Users\Jaosn\Documents\GitHub\XLMS\XLMS\Debug\XLMS.lib" /MACHINE:X86 Debug\hwBno1.obj
         XLMS.vcxproj -> C:\Users\Jaosn\Documents\GitHub\XLMS\XLMS\Debug\XLMS.exe
     1>已完成生成项目“C:\Users\Jaosn\Documents\GitHub\XLMS\XLMS\XLMS.vcxproj”(Build 个目标)的操作。

生成成功。

已用时间 00:00:03.15
